[ 2018-01-05T09:04:42+08:00 ] ::1 /miniwajiyeyagzxt/index.php/Ht/Supply/index.html
NOTIC: [8] Use of undefined constant SHOW_PAGE_TRACE - assumed 'SHOW_PAGE_TRACE' F:\phpStudy\WWW\miniwajiyeyagzxt\App\Common\Conf\debug.php 第 4 行.
INFO: [ app_init ] --START--
INFO: Run Behavior\BuildLiteBehavior [ RunTime:0.000013s ]
INFO: [ app_init ] --END-- [ RunTime:0.000055s ]
INFO: [ app_begin ] --START--
INFO: Run Behavior\ReadHtmlCacheBehavior [ RunTime:0.001131s ]
INFO: [ app_begin ] --END-- [ RunTime:0.001226s ]
SQL: SHOW COLUMNS FROM `lr_supply` [ RunTime:0.0029s ]
SQL: SELECT COUNT(*) AS tp_count FROM `lr_supply` WHERE ( 1=1 ) LIMIT 1   [ RunTime:0.0002s ]
SQL: SELECT * FROM `lr_supply` WHERE ( 1=1 ) ORDER BY id desc LIMIT 0,25   [ RunTime:0.0005s ]
SQL: SHOW COLUMNS FROM `lr_user` [ RunTime:0.0027s ]
SQL: SELECT `uname` FROM `lr_user` WHERE ( id=3 ) LIMIT 1   [ RunTime:0.0003s ]
SQL: SELECT `uname` FROM `lr_user` WHERE ( id=3 ) LIMIT 1   [ RunTime:0.0002s ]
SQL: SELECT `uname` FROM `lr_user` WHERE ( id=3 ) LIMIT 1   [ RunTime:0.0002s ]
INFO: [ view_parse ] --START--
INFO: [ template_filter ] --START--
INFO: Run Behavior\ContentReplaceBehavior [ RunTime:0.000119s ]
INFO: [ template_filter ] --END-- [ RunTime:0.000245s ]
INFO: Run Behavior\ParseTemplateBehavior [ RunTime:0.069950s ]
INFO: [ view_parse ] --END-- [ RunTime:0.070034s ]
INFO: [ view_filter ] --START--
INFO: Run Behavior\WriteHtmlCacheBehavior [ RunTime:0.000703s ]
INFO: [ view_filter ] --END-- [ RunTime:0.000751s ]
INFO: [ app_end ] --START--
INFO: Run Behavior\ShowPageTraceBehavior [ RunTime:0.000843s ]
INFO: [ app_end ] --END-- [ RunTime:0.000888s ]

[ 2018-01-05T09:04:46+08:00 ] ::1 /miniwajiyeyagzxt/index.php/Ht/Supply/del.html?did=10
NOTIC: [8] Use of undefined constant SHOW_PAGE_TRACE - assumed 'SHOW_PAGE_TRACE' F:\phpStudy\WWW\miniwajiyeyagzxt\App\Common\Conf\debug.php 第 4 行.
INFO: [ app_init ] --START--
INFO: Run Behavior\BuildLiteBehavior [ RunTime:0.000014s ]
INFO: [ app_init ] --END-- [ RunTime:0.000062s ]
INFO: [ app_begin ] --START--
INFO: Run Behavior\ReadHtmlCacheBehavior [ RunTime:0.000778s ]
INFO: [ app_begin ] --END-- [ RunTime:0.000834s ]
SQL: SHOW COLUMNS FROM `lr_supply` [ RunTime:0.0029s ]
SQL: SELECT * FROM `lr_supply` WHERE ( id=10 ) LIMIT 1   [ RunTime:0.0004s ]
SQL: DELETE FROM `lr_supply` WHERE ( id=10 ) [ RunTime:0.0416s ]

[ 2018-01-05T09:04:46+08:00 ] ::1 /miniwajiyeyagzxt/index.php/Ht/Supply/index.html
NOTIC: [8] Use of undefined constant SHOW_PAGE_TRACE - assumed 'SHOW_PAGE_TRACE' F:\phpStudy\WWW\miniwajiyeyagzxt\App\Common\Conf\debug.php 第 4 行.
INFO: [ app_init ] --START--
INFO: Run Behavior\BuildLiteBehavior [ RunTime:0.000014s ]
INFO: [ app_init ] --END-- [ RunTime:0.000059s ]
INFO: [ app_begin ] --START--
INFO: Run Behavior\ReadHtmlCacheBehavior [ RunTime:0.001106s ]
INFO: [ app_begin ] --END-- [ RunTime:0.001226s ]
SQL: SHOW COLUMNS FROM `lr_supply` [ RunTime:0.0028s ]
SQL: SELECT COUNT(*) AS tp_count FROM `lr_supply` WHERE ( 1=1 ) LIMIT 1   [ RunTime:0.0003s ]
SQL: SELECT * FROM `lr_supply` WHERE ( 1=1 ) ORDER BY id desc LIMIT 0,25   [ RunTime:0.0005s ]
SQL: SHOW COLUMNS FROM `lr_user` [ RunTime:0.0039s ]
SQL: SELECT `uname` FROM `lr_user` WHERE ( id=3 ) LIMIT 1   [ RunTime:0.0004s ]
SQL: SELECT `uname` FROM `lr_user` WHERE ( id=3 ) LIMIT 1   [ RunTime:0.0003s ]
INFO: [ view_parse ] --START--
INFO: [ template_filter ] --START--
INFO: Run Behavior\ContentReplaceBehavior [ RunTime:0.000057s ]
INFO: [ template_filter ] --END-- [ RunTime:0.000113s ]
INFO: Run Behavior\ParseTemplateBehavior [ RunTime:0.010037s ]
INFO: [ view_parse ] --END-- [ RunTime:0.010150s ]
INFO: [ view_filter ] --START--
INFO: Run Behavior\WriteHtmlCacheBehavior [ RunTime:0.000664s ]
INFO: [ view_filter ] --END-- [ RunTime:0.000730s ]
INFO: [ app_end ] --START--
INFO: Run Behavior\ShowPageTraceBehavior [ RunTime:0.000778s ]
INFO: [ app_end ] --END-- [ RunTime:0.000916s ]

[ 2018-01-05T09:04:50+08:00 ] ::1 /miniwajiyeyagzxt/index.php/Ht/Supply/del.html?did=9
NOTIC: [8] Use of undefined constant SHOW_PAGE_TRACE - assumed 'SHOW_PAGE_TRACE' F:\phpStudy\WWW\miniwajiyeyagzxt\App\Common\Conf\debug.php 第 4 行.
INFO: [ app_init ] --START--
INFO: Run Behavior\BuildLiteBehavior [ RunTime:0.000015s ]
INFO: [ app_init ] --END-- [ RunTime:0.000070s ]
INFO: [ app_begin ] --START--
INFO: Run Behavior\ReadHtmlCacheBehavior [ RunTime:0.000816s ]
INFO: [ app_begin ] --END-- [ RunTime:0.000878s ]
SQL: SHOW COLUMNS FROM `lr_supply` [ RunTime:0.0039s ]
SQL: SELECT * FROM `lr_supply` WHERE ( id=9 ) LIMIT 1   [ RunTime:0.0003s ]
SQL: DELETE FROM `lr_supply` WHERE ( id=9 ) [ RunTime:0.0003s ]

[ 2018-01-05T09:04:50+08:00 ] ::1 /miniwajiyeyagzxt/index.php/Ht/Supply/index.html
NOTIC: [8] Use of undefined constant SHOW_PAGE_TRACE - assumed 'SHOW_PAGE_TRACE' F:\phpStudy\WWW\miniwajiyeyagzxt\App\Common\Conf\debug.php 第 4 行.
INFO: [ app_init ] --START--
INFO: Run Behavior\BuildLiteBehavior [ RunTime:0.000014s ]
INFO: [ app_init ] --END-- [ RunTime:0.000060s ]
INFO: [ app_begin ] --START--
INFO: Run Behavior\ReadHtmlCacheBehavior [ RunTime:0.000861s ]
INFO: [ app_begin ] --END-- [ RunTime:0.000926s ]
SQL: SHOW COLUMNS FROM `lr_supply` [ RunTime:0.0035s ]
SQL: SELECT COUNT(*) AS tp_count FROM `lr_supply` WHERE ( 1=1 ) LIMIT 1   [ RunTime:0.0005s ]
SQL: SELECT * FROM `lr_supply` WHERE ( 1=1 ) ORDER BY id desc LIMIT 0,25   [ RunTime:0.0005s ]
SQL: SHOW COLUMNS FROM `lr_user` [ RunTime:0.0028s ]
SQL: SELECT `uname` FROM `lr_user` WHERE ( id=3 ) LIMIT 1   [ RunTime:0.0003s ]
INFO: [ view_parse ] --START--
INFO: [ template_filter ] --START--
INFO: Run Behavior\ContentReplaceBehavior [ RunTime:0.000061s ]
INFO: [ template_filter ] --END-- [ RunTime:0.000120s ]
INFO: Run Behavior\ParseTemplateBehavior [ RunTime:0.009774s ]
INFO: [ view_parse ] --END-- [ RunTime:0.009843s ]
INFO: [ view_filter ] --START--
INFO: Run Behavior\WriteHtmlCacheBehavior [ RunTime:0.000717s ]
INFO: [ view_filter ] --END-- [ RunTime:0.000767s ]
INFO: [ app_end ] --START--
INFO: Run Behavior\ShowPageTraceBehavior [ RunTime:0.000821s ]
INFO: [ app_end ] --END-- [ RunTime:0.000864s ]

[ 2018-01-05T09:17:36+08:00 ] ::1 /miniwajiyeyagzxt/index.php/Ht/Supply/index.html
NOTIC: [8] Use of undefined constant SHOW_PAGE_TRACE - assumed 'SHOW_PAGE_TRACE' F:\phpStudy\WWW\miniwajiyeyagzxt\App\Common\Conf\debug.php 第 4 行.
INFO: [ app_init ] --START--
INFO: Run Behavior\BuildLiteBehavior [ RunTime:0.000013s ]
INFO: [ app_init ] --END-- [ RunTime:0.000057s ]
INFO: [ app_begin ] --START--
INFO: Run Behavior\ReadHtmlCacheBehavior [ RunTime:0.000735s ]
INFO: [ app_begin ] --END-- [ RunTime:0.000795s ]
SQL: SHOW COLUMNS FROM `lr_supply` [ RunTime:0.0032s ]
SQL: SELECT COUNT(*) AS tp_count FROM `lr_supply` WHERE ( 1=1 ) LIMIT 1   [ RunTime:0.0003s ]
SQL: SELECT * FROM `lr_supply` WHERE ( 1=1 ) ORDER BY id desc LIMIT 0,25   [ RunTime:0.0005s ]
SQL: SHOW COLUMNS FROM `lr_user` [ RunTime:0.0029s ]
SQL: SELECT `uname` FROM `lr_user` WHERE ( id=3 ) LIMIT 1   [ RunTime:0.0003s ]
INFO: [ view_parse ] --START--
INFO: [ template_filter ] --START--
INFO: Run Behavior\ContentReplaceBehavior [ RunTime:0.000055s ]
INFO: [ template_filter ] --END-- [ RunTime:0.000107s ]
INFO: Run Behavior\ParseTemplateBehavior [ RunTime:0.009645s ]
INFO: [ view_parse ] --END-- [ RunTime:0.009706s ]
INFO: [ view_filter ] --START--
INFO: Run Behavior\WriteHtmlCacheBehavior [ RunTime:0.000526s ]
INFO: [ view_filter ] --END-- [ RunTime:0.000566s ]
INFO: [ app_end ] --START--
INFO: Run Behavior\ShowPageTraceBehavior [ RunTime:0.000718s ]
INFO: [ app_end ] --END-- [ RunTime:0.000766s ]

[ 2018-01-05T09:17:39+08:00 ] ::1 /miniwajiyeyagzxt/index.php/Ht/Supply/del.html?did=11
NOTIC: [8] Use of undefined constant SHOW_PAGE_TRACE - assumed 'SHOW_PAGE_TRACE' F:\phpStudy\WWW\miniwajiyeyagzxt\App\Common\Conf\debug.php 第 4 行.
INFO: [ app_init ] --START--
INFO: Run Behavior\BuildLiteBehavior [ RunTime:0.000012s ]
INFO: [ app_init ] --END-- [ RunTime:0.000054s ]
INFO: [ app_begin ] --START--
INFO: Run Behavior\ReadHtmlCacheBehavior [ RunTime:0.000876s ]
INFO: [ app_begin ] --END-- [ RunTime:0.000934s ]
SQL: SHOW COLUMNS FROM `lr_supply` [ RunTime:0.0031s ]
SQL: SELECT * FROM `lr_supply` WHERE ( id=11 ) LIMIT 1   [ RunTime:0.0004s ]
SQL: DELETE FROM `lr_supply` WHERE ( id=11 ) [ RunTime:0.0002s ]

[ 2018-01-05T09:17:39+08:00 ] ::1 /miniwajiyeyagzxt/index.php/Ht/Supply/index.html
NOTIC: [8] Use of undefined constant SHOW_PAGE_TRACE - assumed 'SHOW_PAGE_TRACE' F:\phpStudy\WWW\miniwajiyeyagzxt\App\Common\Conf\debug.php 第 4 行.
INFO: [ app_init ] --START--
INFO: Run Behavior\BuildLiteBehavior [ RunTime:0.000013s ]
INFO: [ app_init ] --END-- [ RunTime:0.000054s ]
INFO: [ app_begin ] --START--
INFO: Run Behavior\ReadHtmlCacheBehavior [ RunTime:0.000584s ]
INFO: [ app_begin ] --END-- [ RunTime:0.000639s ]
SQL: SHOW COLUMNS FROM `lr_supply` [ RunTime:0.0028s ]
SQL: SELECT COUNT(*) AS tp_count FROM `lr_supply` WHERE ( 1=1 ) LIMIT 1   [ RunTime:0.0002s ]
SQL: SELECT * FROM `lr_supply` WHERE ( 1=1 ) ORDER BY id desc LIMIT 0,25   [ RunTime:0.0004s ]
INFO: [ view_parse ] --START--
INFO: [ template_filter ] --START--
INFO: Run Behavior\ContentReplaceBehavior [ RunTime:0.000059s ]
INFO: [ template_filter ] --END-- [ RunTime:0.000116s ]
INFO: Run Behavior\ParseTemplateBehavior [ RunTime:0.026094s ]
INFO: [ view_parse ] --END-- [ RunTime:0.026153s ]
INFO: [ view_filter ] --START--
INFO: Run Behavior\WriteHtmlCacheBehavior [ RunTime:0.000378s ]
INFO: [ view_filter ] --END-- [ RunTime:0.000418s ]
INFO: [ app_end ] --START--
INFO: Run Behavior\ShowPageTraceBehavior [ RunTime:0.013433s ]
INFO: [ app_end ] --END-- [ RunTime:0.013490s ]

[ 2018-01-05T09:17:41+08:00 ] ::1 /miniwajiyeyagzxt/index.php/Ht/Supply/del.html?did=8
NOTIC: [8] Use of undefined constant SHOW_PAGE_TRACE - assumed 'SHOW_PAGE_TRACE' F:\phpStudy\WWW\miniwajiyeyagzxt\App\Common\Conf\debug.php 第 4 行.
INFO: [ app_init ] --START--
INFO: Run Behavior\BuildLiteBehavior [ RunTime:0.000014s ]
INFO: [ app_init ] --END-- [ RunTime:0.000056s ]
INFO: [ app_begin ] --START--
INFO: Run Behavior\ReadHtmlCacheBehavior [ RunTime:0.000626s ]
INFO: [ app_begin ] --END-- [ RunTime:0.000680s ]
SQL: SHOW COLUMNS FROM `lr_supply` [ RunTime:0.0039s ]
SQL: SELECT * FROM `lr_supply` WHERE ( id=8 ) LIMIT 1   [ RunTime:0.0004s ]
SQL: DELETE FROM `lr_supply` WHERE ( id=8 ) [ RunTime:0.0004s ]

[ 2018-01-05T09:17:42+08:00 ] ::1 /miniwajiyeyagzxt/index.php/Ht/Supply/index.html
NOTIC: [8] Use of undefined constant SHOW_PAGE_TRACE - assumed 'SHOW_PAGE_TRACE' F:\phpStudy\WWW\miniwajiyeyagzxt\App\Common\Conf\debug.php 第 4 行.
INFO: [ app_init ] --START--
INFO: Run Behavior\BuildLiteBehavior [ RunTime:0.000013s ]
INFO: [ app_init ] --END-- [ RunTime:0.000054s ]
INFO: [ app_begin ] --START--
INFO: Run Behavior\ReadHtmlCacheBehavior [ RunTime:0.000922s ]
INFO: [ app_begin ] --END-- [ RunTime:0.000990s ]
SQL: SHOW COLUMNS FROM `lr_supply` [ RunTime:0.0027s ]
SQL: SELECT COUNT(*) AS tp_count FROM `lr_supply` WHERE ( 1=1 ) LIMIT 1   [ RunTime:0.0002s ]
SQL: SELECT * FROM `lr_supply` WHERE ( 1=1 ) ORDER BY id desc LIMIT 0,25   [ RunTime:0.0005s ]
INFO: [ view_parse ] --START--
INFO: [ template_filter ] --START--
INFO: Run Behavior\ContentReplaceBehavior [ RunTime:0.000059s ]
INFO: [ template_filter ] --END-- [ RunTime:0.000160s ]
INFO: Run Behavior\ParseTemplateBehavior [ RunTime:0.008848s ]
INFO: [ view_parse ] --END-- [ RunTime:0.008905s ]
INFO: [ view_filter ] --START--
INFO: Run Behavior\WriteHtmlCacheBehavior [ RunTime:0.000361s ]
INFO: [ view_filter ] --END-- [ RunTime:0.000399s ]
INFO: [ app_end ] --START--
INFO: Run Behavior\ShowPageTraceBehavior [ RunTime:0.000582s ]
INFO: [ app_end ] --END-- [ RunTime:0.000621s ]

[ 2018-01-05T09:17:44+08:00 ] ::1 /miniwajiyeyagzxt/index.php/Ht/Supply/del.html?did=7
NOTIC: [8] Use of undefined constant SHOW_PAGE_TRACE - assumed 'SHOW_PAGE_TRACE' F:\phpStudy\WWW\miniwajiyeyagzxt\App\Common\Conf\debug.php 第 4 行.
INFO: [ app_init ] --START--
INFO: Run Behavior\BuildLiteBehavior [ RunTime:0.000014s ]
INFO: [ app_init ] --END-- [ RunTime:0.000059s ]
INFO: [ app_begin ] --START--
INFO: Run Behavior\ReadHtmlCacheBehavior [ RunTime:0.000605s ]
INFO: [ app_begin ] --END-- [ RunTime:0.000659s ]
SQL: SHOW COLUMNS FROM `lr_supply` [ RunTime:0.0032s ]
SQL: SELECT * FROM `lr_supply` WHERE ( id=7 ) LIMIT 1   [ RunTime:0.0004s ]
SQL: DELETE FROM `lr_supply` WHERE ( id=7 ) [ RunTime:0.0003s ]

[ 2018-01-05T09:17:44+08:00 ] ::1 /miniwajiyeyagzxt/index.php/Ht/Supply/index.html
NOTIC: [8] Use of undefined constant SHOW_PAGE_TRACE - assumed 'SHOW_PAGE_TRACE' F:\phpStudy\WWW\miniwajiyeyagzxt\App\Common\Conf\debug.php 第 4 行.
INFO: [ app_init ] --START--
INFO: Run Behavior\BuildLiteBehavior [ RunTime:0.000015s ]
INFO: [ app_init ] --END-- [ RunTime:0.000062s ]
INFO: [ app_begin ] --START--
INFO: Run Behavior\ReadHtmlCacheBehavior [ RunTime:0.000728s ]
INFO: [ app_begin ] --END-- [ RunTime:0.000796s ]
SQL: SHOW COLUMNS FROM `lr_supply` [ RunTime:0.0038s ]
SQL: SELECT COUNT(*) AS tp_count FROM `lr_supply` WHERE ( 1=1 ) LIMIT 1   [ RunTime:0.0003s ]
SQL: SELECT * FROM `lr_supply` WHERE ( 1=1 ) ORDER BY id desc LIMIT 0,25   [ RunTime:0.0004s ]
INFO: [ view_parse ] --START--
INFO: [ template_filter ] --START--
INFO: Run Behavior\ContentReplaceBehavior [ RunTime:0.000080s ]
INFO: [ template_filter ] --END-- [ RunTime:0.000142s ]
INFO: Run Behavior\ParseTemplateBehavior [ RunTime:0.008130s ]
INFO: [ view_parse ] --END-- [ RunTime:0.008185s ]
INFO: [ view_filter ] --START--
INFO: Run Behavior\WriteHtmlCacheBehavior [ RunTime:0.000467s ]
INFO: [ view_filter ] --END-- [ RunTime:0.000524s ]
INFO: [ app_end ] --START--
INFO: Run Behavior\ShowPageTraceBehavior [ RunTime:0.000615s ]
INFO: [ app_end ] --END-- [ RunTime:0.000654s ]

[ 2018-01-05T09:17:47+08:00 ] ::1 /miniwajiyeyagzxt/index.php/Ht/Supply/del.html?did=6
NOTIC: [8] Use of undefined constant SHOW_PAGE_TRACE - assumed 'SHOW_PAGE_TRACE' F:\phpStudy\WWW\miniwajiyeyagzxt\App\Common\Conf\debug.php 第 4 行.
INFO: [ app_init ] --START--
INFO: Run Behavior\BuildLiteBehavior [ RunTime:0.000015s ]
INFO: [ app_init ] --END-- [ RunTime:0.000096s ]
INFO: [ app_begin ] --START--
INFO: Run Behavior\ReadHtmlCacheBehavior [ RunTime:0.000947s ]
INFO: [ app_begin ] --END-- [ RunTime:0.001063s ]
SQL: SHOW COLUMNS FROM `lr_supply` [ RunTime:0.0029s ]
SQL: SELECT * FROM `lr_supply` WHERE ( id=6 ) LIMIT 1   [ RunTime:0.0003s ]
SQL: DELETE FROM `lr_supply` WHERE ( id=6 ) [ RunTime:0.0002s ]

[ 2018-01-05T09:17:47+08:00 ] ::1 /miniwajiyeyagzxt/index.php/Ht/Supply/index.html
NOTIC: [8] Use of undefined constant SHOW_PAGE_TRACE - assumed 'SHOW_PAGE_TRACE' F:\phpStudy\WWW\miniwajiyeyagzxt\App\Common\Conf\debug.php 第 4 行.
INFO: [ app_init ] --START--
INFO: Run Behavior\BuildLiteBehavior [ RunTime:0.000013s ]
INFO: [ app_init ] --END-- [ RunTime:0.000057s ]
INFO: [ app_begin ] --START--
INFO: Run Behavior\ReadHtmlCacheBehavior [ RunTime:0.000607s ]
INFO: [ app_begin ] --END-- [ RunTime:0.000657s ]
SQL: SHOW COLUMNS FROM `lr_supply` [ RunTime:0.0035s ]
SQL: SELECT COUNT(*) AS tp_count FROM `lr_supply` WHERE ( 1=1 ) LIMIT 1   [ RunTime:0.0003s ]
SQL: SELECT * FROM `lr_supply` WHERE ( 1=1 ) ORDER BY id desc LIMIT 0,25   [ RunTime:0.0006s ]
INFO: [ view_parse ] --START--
INFO: [ template_filter ] --START--
INFO: Run Behavior\ContentReplaceBehavior [ RunTime:0.000055s ]
INFO: [ template_filter ] --END-- [ RunTime:0.000106s ]
INFO: Run Behavior\ParseTemplateBehavior [ RunTime:0.007766s ]
INFO: [ view_parse ] --END-- [ RunTime:0.007825s ]
INFO: [ view_filter ] --START--
INFO: Run Behavior\WriteHtmlCacheBehavior [ RunTime:0.000391s ]
INFO: [ view_filter ] --END-- [ RunTime:0.000434s ]
INFO: [ app_end ] --START--
INFO: Run Behavior\ShowPageTraceBehavior [ RunTime:0.000888s ]
INFO: [ app_end ] --END-- [ RunTime:0.001032s ]

[ 2018-01-05T09:17:50+08:00 ] ::1 /miniwajiyeyagzxt/index.php/Ht/Supply/del.html?did=5
NOTIC: [8] Use of undefined constant SHOW_PAGE_TRACE - assumed 'SHOW_PAGE_TRACE' F:\phpStudy\WWW\miniwajiyeyagzxt\App\Common\Conf\debug.php 第 4 行.
INFO: [ app_init ] --START--
INFO: Run Behavior\BuildLiteBehavior [ RunTime:0.000016s ]
INFO: [ app_init ] --END-- [ RunTime:0.000061s ]
INFO: [ app_begin ] --START--
INFO: Run Behavior\ReadHtmlCacheBehavior [ RunTime:0.000631s ]
INFO: [ app_begin ] --END-- [ RunTime:0.000689s ]
SQL: SHOW COLUMNS FROM `lr_supply` [ RunTime:0.0034s ]
SQL: SELECT * FROM `lr_supply` WHERE ( id=5 ) LIMIT 1   [ RunTime:0.0006s ]
SQL: DELETE FROM `lr_supply` WHERE ( id=5 ) [ RunTime:0.0004s ]

[ 2018-01-05T09:17:50+08:00 ] ::1 /miniwajiyeyagzxt/index.php/Ht/Supply/index.html
NOTIC: [8] Use of undefined constant SHOW_PAGE_TRACE - assumed 'SHOW_PAGE_TRACE' F:\phpStudy\WWW\miniwajiyeyagzxt\App\Common\Conf\debug.php 第 4 行.
INFO: [ app_init ] --START--
INFO: Run Behavior\BuildLiteBehavior [ RunTime:0.000014s ]
INFO: [ app_init ] --END-- [ RunTime:0.000055s ]
INFO: [ app_begin ] --START--
INFO: Run Behavior\ReadHtmlCacheBehavior [ RunTime:0.000634s ]
INFO: [ app_begin ] --END-- [ RunTime:0.000698s ]
SQL: SHOW COLUMNS FROM `lr_supply` [ RunTime:0.0029s ]
SQL: SELECT COUNT(*) AS tp_count FROM `lr_supply` WHERE ( 1=1 ) LIMIT 1   [ RunTime:0.0003s ]
SQL: SELECT * FROM `lr_supply` WHERE ( 1=1 ) ORDER BY id desc LIMIT 0,25   [ RunTime:0.0004s ]
INFO: [ view_parse ] --START--
INFO: [ template_filter ] --START--
INFO: Run Behavior\ContentReplaceBehavior [ RunTime:0.000054s ]
INFO: [ template_filter ] --END-- [ RunTime:0.000106s ]
INFO: Run Behavior\ParseTemplateBehavior [ RunTime:0.007997s ]
INFO: [ view_parse ] --END-- [ RunTime:0.008055s ]
INFO: [ view_filter ] --START--
INFO: Run Behavior\WriteHtmlCacheBehavior [ RunTime:0.000432s ]
INFO: [ view_filter ] --END-- [ RunTime:0.000479s ]
INFO: [ app_end ] --START--
INFO: Run Behavior\ShowPageTraceBehavior [ RunTime:0.000910s ]
INFO: [ app_end ] --END-- [ RunTime:0.000958s ]

[ 2018-01-05T09:29:30+08:00 ] ::1 /miniwajiyeyagzxt/index.php/Ht/Product/add.html
NOTIC: [8] Use of undefined constant SHOW_PAGE_TRACE - assumed 'SHOW_PAGE_TRACE' F:\phpStudy\WWW\miniwajiyeyagzxt\App\Common\Conf\debug.php 第 4 行.
INFO: [ app_init ] --START--
INFO: Run Behavior\BuildLiteBehavior [ RunTime:0.000013s ]
INFO: [ app_init ] --END-- [ RunTime:0.000053s ]
INFO: [ app_begin ] --START--
INFO: Run Behavior\ReadHtmlCacheBehavior [ RunTime:0.002159s ]
INFO: [ app_begin ] --END-- [ RunTime:0.002230s ]
NOTIC: [8] Undefined index: id F:\phpStudy\WWW\miniwajiyeyagzxt\App\Ht\Controller\ProductController.class.php 第 88 行.
NOTIC: [8] Undefined index: page F:\phpStudy\WWW\miniwajiyeyagzxt\App\Ht\Controller\ProductController.class.php 第 89 行.
NOTIC: [8] Undefined index: name F:\phpStudy\WWW\miniwajiyeyagzxt\App\Ht\Controller\ProductController.class.php 第 90 行.
NOTIC: [8] Undefined index: type F:\phpStudy\WWW\miniwajiyeyagzxt\App\Ht\Controller\ProductController.class.php 第 91 行.
NOTIC: [8] Undefined index: submit F:\phpStudy\WWW\miniwajiyeyagzxt\App\Ht\Controller\ProductController.class.php 第 93 行.
SQL: SHOW COLUMNS FROM `lr_category` [ RunTime:0.0040s ]
SQL: SELECT `id`,`name` FROM `lr_category` WHERE ( tid=1 )  [ RunTime:0.0004s ]
NOTIC: [2] Illegal string offset 'cid' F:\phpStudy\WWW\miniwajiyeyagzxt\App\Ht\Controller\ProductController.class.php 第 317 行.
NOTIC: [8] Uninitialized string offset: 0 F:\phpStudy\WWW\miniwajiyeyagzxt\App\Ht\Controller\ProductController.class.php 第 317 行.
SQL: SELECT `tid` FROM `lr_category` WHERE ( id=0 ) LIMIT 1   [ RunTime:0.0004s ]
SQL: SHOW COLUMNS FROM `lr_product` [ RunTime:0.0043s ]
SQL: SELECT `cid` FROM `lr_product` WHERE ( id="0" ) LIMIT 1   [ RunTime:0.0003s ]
SQL: SELECT `tid` FROM `lr_category` WHERE ( id="" ) LIMIT 1   [ RunTime:0.0002s ]
SQL: SHOW COLUMNS FROM `lr_brand` [ RunTime:0.0045s ]
SQL: SELECT `id`,`name` FROM `lr_brand` WHERE ( 1=1 )  [ RunTime:0.0003s ]
SQL: SHOW COLUMNS FROM `lr_attribute` [ RunTime:0.0654s ]
SQL: SELECT * FROM `lr_attribute`  [ RunTime:0.0008s ]
SQL: SHOW COLUMNS FROM `lr_spec` [ RunTime:0.0154s ]
SQL: SELECT * FROM `lr_spec`  [ RunTime:0.0006s ]
SQL: SHOW COLUMNS FROM `lr_tag` [ RunTime:0.0106s ]
SQL: SELECT * FROM `lr_tag`  [ RunTime:0.0008s ]
NOTIC: [8] Undefined variable: shop_id F:\phpStudy\WWW\miniwajiyeyagzxt\App\Ht\Controller\ProductController.class.php 第 384 行.
NOTIC: [8] Undefined offset: 0 F:\phpStudy\WWW\miniwajiyeyagzxt\App\Ht\Controller\ProductController.class.php 第 391 行.
INFO: [ view_parse ] --START--
INFO: [ template_filter ] --START--
INFO: Run Behavior\ContentReplaceBehavior [ RunTime:0.000465s ]
INFO: [ template_filter ] --END-- [ RunTime:0.000560s ]
NOTIC: [8] Undefined index: name F:\phpStudy\WWW\miniwajiyeyagzxt\App\Runtime\Cache\Ht\04b33691f63b9c13a9ceae31ee771556.php 第 41 行.
NOTIC: [8] Undefined index: intro F:\phpStudy\WWW\miniwajiyeyagzxt\App\Runtime\Cache\Ht\04b33691f63b9c13a9ceae31ee771556.php 第 47 行.
NOTIC: [8] Undefined index: name F:\phpStudy\WWW\miniwajiyeyagzxt\App\Runtime\Cache\Ht\04b33691f63b9c13a9ceae31ee771556.php 第 53 行.
NOTIC: [8] Undefined index: shop_id F:\phpStudy\WWW\miniwajiyeyagzxt\App\Runtime\Cache\Ht\04b33691f63b9c13a9ceae31ee771556.php 第 54 行.
NOTIC: [8] Undefined variable: catetwo F:\phpStudy\WWW\miniwajiyeyagzxt\App\Runtime\Cache\Ht\04b33691f63b9c13a9ceae31ee771556.php 第 67 行.
NOTIC: [8] Undefined offset: 0 F:\phpStudy\WWW\miniwajiyeyagzxt\App\Runtime\Cache\Ht\04b33691f63b9c13a9ceae31ee771556.php 第 156 行.
NOTIC: [8] Undefined offset: 0 F:\phpStudy\WWW\miniwajiyeyagzxt\App\Runtime\Cache\Ht\04b33691f63b9c13a9ceae31ee771556.php 第 172 行.
NOTIC: [8] Undefined variable: img_str F:\phpStudy\WWW\miniwajiyeyagzxt\App\Runtime\Cache\Ht\04b33691f63b9c13a9ceae31ee771556.php 第 189 行.
NOTIC: [8] Undefined index: content F:\phpStudy\WWW\miniwajiyeyagzxt\App\Runtime\Cache\Ht\04b33691f63b9c13a9ceae31ee771556.php 第 215 行.
NOTIC: [8] Undefined index: param F:\phpStudy\WWW\miniwajiyeyagzxt\App\Runtime\Cache\Ht\04b33691f63b9c13a9ceae31ee771556.php 第 222 行.
NOTIC: [8] Undefined index: sort F:\phpStudy\WWW\miniwajiyeyagzxt\App\Runtime\Cache\Ht\04b33691f63b9c13a9ceae31ee771556.php 第 229 行.
NOTIC: [8] Undefined index: renqi F:\phpStudy\WWW\miniwajiyeyagzxt\App\Runtime\Cache\Ht\04b33691f63b9c13a9ceae31ee771556.php 第 235 行.
NOTIC: [8] Undefined index: id F:\phpStudy\WWW\miniwajiyeyagzxt\App\Runtime\Cache\Ht\04b33691f63b9c13a9ceae31ee771556.php 第 250 行.
INFO: Run Behavior\ParseTemplateBehavior [ RunTime:0.064034s ]
INFO: [ view_parse ] --END-- [ RunTime:0.064152s ]
INFO: [ view_filter ] --START--
INFO: Run Behavior\WriteHtmlCacheBehavior [ RunTime:0.000516s ]
INFO: [ view_filter ] --END-- [ RunTime:0.000554s ]
INFO: [ app_end ] --START--
INFO: Run Behavior\ShowPageTraceBehavior [ RunTime:0.002393s ]
INFO: [ app_end ] --END-- [ RunTime:0.002473s ]

