[ 2018-01-04T17:34:45+08:00 ] ::1 /miniwajiyeyagzxt/index.php/Ht/Index/index.html
NOTIC: [8] Use of undefined constant SHOW_PAGE_TRACE - assumed 'SHOW_PAGE_TRACE' F:\phpStudy\WWW\miniwajiyeyagzxt\App\Common\Conf\debug.php 第 4 行.
INFO: [ app_init ] --START--
INFO: Run Behavior\BuildLiteBehavior [ RunTime:0.000016s ]
INFO: [ app_init ] --END-- [ RunTime:0.000062s ]
INFO: [ app_begin ] --START--
INFO: Run Behavior\ReadHtmlCacheBehavior [ RunTime:0.000940s ]
INFO: [ app_begin ] --END-- [ RunTime:0.001037s ]
INFO: [ view_parse ] --START--
INFO: [ template_filter ] --START--
INFO: Run Behavior\ContentReplaceBehavior [ RunTime:0.010124s ]
INFO: [ template_filter ] --END-- [ RunTime:0.010206s ]
INFO: Run Behavior\ParseTemplateBehavior [ RunTime:0.075227s ]
INFO: [ view_parse ] --END-- [ RunTime:0.075846s ]
INFO: [ view_filter ] --START--
INFO: Run Behavior\WriteHtmlCacheBehavior [ RunTime:0.023510s ]
INFO: [ view_filter ] --END-- [ RunTime:0.023565s ]

[ 2018-01-04T17:34:46+08:00 ] ::1 /miniwajiyeyagzxt/index.php/Ht/Login/index.html
NOTIC: [8] Use of undefined constant SHOW_PAGE_TRACE - assumed 'SHOW_PAGE_TRACE' F:\phpStudy\WWW\miniwajiyeyagzxt\App\Common\Conf\debug.php 第 4 行.
INFO: [ app_init ] --START--
INFO: Run Behavior\BuildLiteBehavior [ RunTime:0.000049s ]
INFO: [ app_init ] --END-- [ RunTime:0.000238s ]
INFO: [ app_begin ] --START--
INFO: Run Behavior\ReadHtmlCacheBehavior [ RunTime:0.001010s ]
INFO: [ app_begin ] --END-- [ RunTime:0.001088s ]
SQL: SHOW COLUMNS FROM `lr_program` [ RunTime:0.2038s ]
SQL: SELECT * FROM `lr_program` LIMIT 1   [ RunTime:0.0003s ]
INFO: [ view_parse ] --START--
INFO: [ template_filter ] --START--
INFO: Run Behavior\ContentReplaceBehavior [ RunTime:0.000104s ]
INFO: [ template_filter ] --END-- [ RunTime:0.000173s ]
NOTIC: [8] Undefined variable: key F:\phpStudy\WWW\miniwajiyeyagzxt\App\Runtime\Cache\Ht\2d4ce69e9c2d15d777794fcdbaefd3a2.php 第 24 行.
INFO: Run Behavior\ParseTemplateBehavior [ RunTime:0.029386s ]
INFO: [ view_parse ] --END-- [ RunTime:0.029452s ]
INFO: [ view_filter ] --START--
INFO: Run Behavior\WriteHtmlCacheBehavior [ RunTime:0.000666s ]
INFO: [ view_filter ] --END-- [ RunTime:0.000719s ]
INFO: [ app_end ] --START--
INFO: Run Behavior\ShowPageTraceBehavior [ RunTime:0.011185s ]
INFO: [ app_end ] --END-- [ RunTime:0.011239s ]

[ 2018-01-04T17:34:52+08:00 ] ::1 /miniwajiyeyagzxt/index.php/Ht/Login/index.html?key=
NOTIC: [8] Use of undefined constant SHOW_PAGE_TRACE - assumed 'SHOW_PAGE_TRACE' F:\phpStudy\WWW\miniwajiyeyagzxt\App\Common\Conf\debug.php 第 4 行.
INFO: [ app_init ] --START--
INFO: Run Behavior\BuildLiteBehavior [ RunTime:0.000013s ]
INFO: [ app_init ] --END-- [ RunTime:0.000058s ]
INFO: [ app_begin ] --START--
INFO: Run Behavior\ReadHtmlCacheBehavior [ RunTime:0.000846s ]
INFO: [ app_begin ] --END-- [ RunTime:0.000939s ]
SQL: SHOW COLUMNS FROM `lr_adminuser` [ RunTime:0.1371s ]
SQL: SELECT * FROM `lr_adminuser` WHERE ( name='admin' AND del<1 ) LIMIT 1   [ RunTime:0.0004s ]
SQL: SHOW COLUMNS FROM `lr_program` [ RunTime:0.0252s ]
SQL: SELECT * FROM `lr_program` LIMIT 1   [ RunTime:0.0010s ]
NOTIC: [8] Undefined index: shop_id F:\phpStudy\WWW\miniwajiyeyagzxt\App\Ht\Controller\LoginController.class.php 第 19 行.
NOTIC: [8] Undefined index: name F:\phpStudy\WWW\miniwajiyeyagzxt\App\Ht\Controller\LoginController.class.php 第 23 行.
INFO: [ view_parse ] --START--
INFO: [ template_filter ] --START--
INFO: Run Behavior\ContentReplaceBehavior [ RunTime:0.000058s ]
INFO: [ template_filter ] --END-- [ RunTime:0.000162s ]
INFO: Run Behavior\ParseTemplateBehavior [ RunTime:0.025843s ]
INFO: [ view_parse ] --END-- [ RunTime:0.025943s ]
INFO: [ view_filter ] --START--
INFO: Run Behavior\WriteHtmlCacheBehavior [ RunTime:0.000486s ]
INFO: [ view_filter ] --END-- [ RunTime:0.000532s ]
INFO: [ app_end ] --START--
INFO: Run Behavior\ShowPageTraceBehavior [ RunTime:0.000776s ]
INFO: [ app_end ] --END-- [ RunTime:0.000825s ]

[ 2018-01-04T17:34:53+08:00 ] ::1 /miniwajiyeyagzxt/index.php/Ht/Index/index.html
NOTIC: [8] Use of undefined constant SHOW_PAGE_TRACE - assumed 'SHOW_PAGE_TRACE' F:\phpStudy\WWW\miniwajiyeyagzxt\App\Common\Conf\debug.php 第 4 行.
INFO: [ app_init ] --START--
INFO: Run Behavior\BuildLiteBehavior [ RunTime:0.000013s ]
INFO: [ app_init ] --END-- [ RunTime:0.000056s ]
INFO: [ app_begin ] --START--
INFO: Run Behavior\ReadHtmlCacheBehavior [ RunTime:0.000768s ]
INFO: [ app_begin ] --END-- [ RunTime:0.000846s ]
SQL: SHOW COLUMNS FROM `lr_web` [ RunTime:0.0195s ]
SQL: SELECT `concent` FROM `lr_web` WHERE ( id=5 ) LIMIT 1   [ RunTime:0.0004s ]
INFO: [ view_parse ] --START--
INFO: [ template_filter ] --START--
INFO: Run Behavior\ContentReplaceBehavior [ RunTime:0.000122s ]
INFO: [ template_filter ] --END-- [ RunTime:0.000177s ]
INFO: Run Behavior\ParseTemplateBehavior [ RunTime:0.201298s ]
INFO: [ view_parse ] --END-- [ RunTime:0.201378s ]
INFO: [ view_filter ] --START--
INFO: Run Behavior\WriteHtmlCacheBehavior [ RunTime:0.000605s ]
INFO: [ view_filter ] --END-- [ RunTime:0.000652s ]
INFO: [ app_end ] --START--
INFO: Run Behavior\ShowPageTraceBehavior [ RunTime:0.002678s ]
INFO: [ app_end ] --END-- [ RunTime:0.002760s ]

[ 2018-01-04T17:34:54+08:00 ] ::1 /miniwajiyeyagzxt/index.php/Ht/Index/welcome.html
NOTIC: [8] Use of undefined constant SHOW_PAGE_TRACE - assumed 'SHOW_PAGE_TRACE' F:\phpStudy\WWW\miniwajiyeyagzxt\App\Common\Conf\debug.php 第 4 行.
INFO: [ app_init ] --START--
INFO: Run Behavior\BuildLiteBehavior [ RunTime:0.000015s ]
INFO: [ app_init ] --END-- [ RunTime:0.000068s ]
INFO: [ app_begin ] --START--
INFO: Run Behavior\ReadHtmlCacheBehavior [ RunTime:0.000969s ]
INFO: [ app_begin ] --END-- [ RunTime:0.001037s ]
SQL: SHOW COLUMNS FROM `lr_order` [ RunTime:0.1848s ]
SQL: SHOW COLUMNS FROM `lr_user` [ RunTime:0.0063s ]
SQL: SHOW COLUMNS FROM `lr_product` [ RunTime:0.0180s ]
SQL: SHOW COLUMNS FROM `lr_brand` [ RunTime:0.0141s ]
SQL: SHOW COLUMNS FROM `lr_shangchang` [ RunTime:0.0777s ]
SQL: SELECT COUNT(*) AS tp_count FROM `lr_order` WHERE ( del=0 ) LIMIT 1   [ RunTime:0.0006s ]
SQL: SELECT COUNT(*) AS tp_count FROM `lr_user` WHERE ( del=0 ) LIMIT 1   [ RunTime:0.0003s ]
SQL: SELECT COUNT(*) AS tp_count FROM `lr_product` WHERE ( del=0 ) LIMIT 1   [ RunTime:0.0004s ]
SQL: SELECT COUNT(*) AS tp_count FROM `lr_brand` LIMIT 1   [ RunTime:0.0002s ]
SQL: SELECT COUNT(*) AS tp_count FROM `lr_shangchang` LIMIT 1   [ RunTime:0.0003s ]
SQL: SELECT `price` FROM `lr_order` WHERE ( del=0 AND status>10 AND back!=2 )  [ RunTime:0.0002s ]
SQL: SELECT COUNT(*) AS tp_count FROM `lr_order` WHERE ( del=0 AND addtime>=1514995200 ) LIMIT 1   [ RunTime:0.0002s ]
SQL: SELECT COUNT(*) AS tp_count FROM `lr_user` WHERE ( del=0 AND addtime>=1514995200 ) LIMIT 1   [ RunTime:0.0002s ]
SQL: SELECT COUNT(*) AS tp_count FROM `lr_product` WHERE ( del=0 AND addtime>=1514995200 ) LIMIT 1   [ RunTime:0.0002s ]
SQL: SELECT COUNT(*) AS tp_count FROM `lr_brand` WHERE ( addtime>=1514995200 ) LIMIT 1   [ RunTime:0.0002s ]
SQL: SELECT COUNT(*) AS tp_count FROM `lr_shangchang` WHERE ( addtime>=1514995200 ) LIMIT 1   [ RunTime:0.0002s ]
SQL: SELECT COUNT(*) AS tp_count FROM `lr_order` WHERE ( del=0 AND status>10 AND back!=2 AND addtime>=1514995200 ) LIMIT 1   [ RunTime:0.0002s ]
NOTIC: [2] Invalid argument supplied for foreach() F:\phpStudy\WWW\miniwajiyeyagzxt\App\Ht\Controller\IndexController.class.php 第 58 行.
SQL: SELECT COUNT(*) AS tp_count FROM `lr_product` WHERE ( del=0 ) LIMIT 1   [ RunTime:0.0003s ]
SQL: SELECT COUNT(*) AS tp_count FROM `lr_product` WHERE ( del=0 AND addtime>=1514995200 ) LIMIT 1   [ RunTime:0.0002s ]
SQL: SELECT COUNT(*) AS tp_count FROM `lr_order` WHERE ( del=0 AND back!=2 AND addtime>=1514736000 ) LIMIT 1   [ RunTime:0.0002s ]
SQL: SELECT COUNT(*) AS tp_count FROM `lr_user` WHERE ( del=0 AND addtime>=1514736000 ) LIMIT 1   [ RunTime:0.0002s ]
SQL: SELECT COUNT(*) AS tp_count FROM `lr_product` WHERE ( del=0 AND addtime>=1514736000 ) LIMIT 1   [ RunTime:0.0002s ]
SQL: SELECT COUNT(*) AS tp_count FROM `lr_brand` WHERE ( addtime>=1514736000 ) LIMIT 1   [ RunTime:0.0001s ]
SQL: SELECT COUNT(*) AS tp_count FROM `lr_shangchang` WHERE ( addtime>=1514736000 ) LIMIT 1   [ RunTime:0.0002s ]
SQL: SELECT `price` FROM `lr_order` WHERE ( del=0 AND back!=2 AND addtime>=1514736000 )  [ RunTime:0.0002s ]
NOTIC: [8] Undefined variable: thismonthpay F:\phpStudy\WWW\miniwajiyeyagzxt\App\Ht\Controller\IndexController.class.php 第 74 行.
NOTIC: [2] Invalid argument supplied for foreach() F:\phpStudy\WWW\miniwajiyeyagzxt\App\Ht\Controller\IndexController.class.php 第 74 行.
INFO: [ view_parse ] --START--
INFO: [ template_filter ] --START--
INFO: Run Behavior\ContentReplaceBehavior [ RunTime:0.000064s ]
INFO: [ template_filter ] --END-- [ RunTime:0.000126s ]
INFO: Run Behavior\ParseTemplateBehavior [ RunTime:0.058083s ]
INFO: [ view_parse ] --END-- [ RunTime:0.058143s ]
INFO: [ view_filter ] --START--
INFO: Run Behavior\WriteHtmlCacheBehavior [ RunTime:0.000428s ]
INFO: [ view_filter ] --END-- [ RunTime:0.000466s ]
INFO: [ app_end ] --START--
INFO: Run Behavior\ShowPageTraceBehavior [ RunTime:0.000658s ]
INFO: [ app_end ] --END-- [ RunTime:0.000698s ]

[ 2018-01-04T17:34:57+08:00 ] ::1 /miniwajiyeyagzxt/index.php/Ht/Supply/index.html
NOTIC: [8] Use of undefined constant SHOW_PAGE_TRACE - assumed 'SHOW_PAGE_TRACE' F:\phpStudy\WWW\miniwajiyeyagzxt\App\Common\Conf\debug.php 第 4 行.
INFO: [ app_init ] --START--
INFO: Run Behavior\BuildLiteBehavior [ RunTime:0.000016s ]
INFO: [ app_init ] --END-- [ RunTime:0.000070s ]
INFO: [ app_begin ] --START--
INFO: Run Behavior\ReadHtmlCacheBehavior [ RunTime:0.000870s ]
INFO: [ app_begin ] --END-- [ RunTime:0.001200s ]
SQL: SHOW COLUMNS FROM `lr_supply` [ RunTime:0.0055s ]
SQL: SELECT COUNT(*) AS tp_count FROM `lr_supply` WHERE ( 1=1 ) LIMIT 1   [ RunTime:0.0003s ]
SQL: SELECT * FROM `lr_supply` WHERE ( 1=1 ) ORDER BY id desc LIMIT 0,25   [ RunTime:0.0005s ]
INFO: [ view_parse ] --START--
INFO: [ template_filter ] --START--
INFO: Run Behavior\ContentReplaceBehavior [ RunTime:0.000064s ]
INFO: [ template_filter ] --END-- [ RunTime:0.000123s ]
INFO: Run Behavior\ParseTemplateBehavior [ RunTime:0.058965s ]
INFO: [ view_parse ] --END-- [ RunTime:0.059028s ]
INFO: [ view_filter ] --START--
INFO: Run Behavior\WriteHtmlCacheBehavior [ RunTime:0.000700s ]
INFO: [ view_filter ] --END-- [ RunTime:0.000771s ]
INFO: [ app_end ] --START--
INFO: Run Behavior\ShowPageTraceBehavior [ RunTime:0.001034s ]
INFO: [ app_end ] --END-- [ RunTime:0.001087s ]

[ 2018-01-04T17:34:59+08:00 ] ::1 /miniwajiyeyagzxt/index.php/Ht/Supply/add.html
NOTIC: [8] Use of undefined constant SHOW_PAGE_TRACE - assumed 'SHOW_PAGE_TRACE' F:\phpStudy\WWW\miniwajiyeyagzxt\App\Common\Conf\debug.php 第 4 行.
INFO: [ app_init ] --START--
INFO: Run Behavior\BuildLiteBehavior [ RunTime:0.000016s ]
INFO: [ app_init ] --END-- [ RunTime:0.000061s ]
INFO: [ app_begin ] --START--
INFO: Run Behavior\ReadHtmlCacheBehavior [ RunTime:0.000666s ]
INFO: [ app_begin ] --END-- [ RunTime:0.000732s ]
NOTIC: [8] Undefined index: id F:\phpStudy\WWW\miniwajiyeyagzxt\App\Ht\Controller\SupplyController.class.php 第 78 行.
NOTIC: [8] Undefined index: submit F:\phpStudy\WWW\miniwajiyeyagzxt\App\Ht\Controller\SupplyController.class.php 第 79 行.
INFO: [ view_parse ] --START--
INFO: [ template_filter ] --START--
INFO: Run Behavior\ContentReplaceBehavior [ RunTime:0.000061s ]
INFO: [ template_filter ] --END-- [ RunTime:0.000114s ]
NOTIC: [8] Undefined variable: info F:\phpStudy\WWW\miniwajiyeyagzxt\App\Runtime\Cache\Ht\d9f228599ca9deff7bb9a05086e469f4.php 第 28 行.
NOTIC: [8] Undefined variable: info F:\phpStudy\WWW\miniwajiyeyagzxt\App\Runtime\Cache\Ht\d9f228599ca9deff7bb9a05086e469f4.php 第 29 行.
NOTIC: [8] Undefined variable: info F:\phpStudy\WWW\miniwajiyeyagzxt\App\Runtime\Cache\Ht\d9f228599ca9deff7bb9a05086e469f4.php 第 37 行.
NOTIC: [8] Undefined variable: info F:\phpStudy\WWW\miniwajiyeyagzxt\App\Runtime\Cache\Ht\d9f228599ca9deff7bb9a05086e469f4.php 第 43 行.
NOTIC: [8] Undefined variable: info F:\phpStudy\WWW\miniwajiyeyagzxt\App\Runtime\Cache\Ht\d9f228599ca9deff7bb9a05086e469f4.php 第 51 行.
NOTIC: [8] Undefined variable: info F:\phpStudy\WWW\miniwajiyeyagzxt\App\Runtime\Cache\Ht\d9f228599ca9deff7bb9a05086e469f4.php 第 62 行.
NOTIC: [8] Undefined variable: info F:\phpStudy\WWW\miniwajiyeyagzxt\App\Runtime\Cache\Ht\d9f228599ca9deff7bb9a05086e469f4.php 第 67 行.
INFO: Run Behavior\ParseTemplateBehavior [ RunTime:0.031092s ]
INFO: [ view_parse ] --END-- [ RunTime:0.031144s ]
INFO: [ view_filter ] --START--
INFO: Run Behavior\WriteHtmlCacheBehavior [ RunTime:0.000406s ]
INFO: [ view_filter ] --END-- [ RunTime:0.000445s ]
INFO: [ app_end ] --START--
INFO: Run Behavior\ShowPageTraceBehavior [ RunTime:0.000908s ]
INFO: [ app_end ] --END-- [ RunTime:0.000964s ]

[ 2018-01-04T17:39:24+08:00 ] ::1 /miniwajiyeyagzxt/index.php/Ht/supply/add.html
NOTIC: [8] Use of undefined constant SHOW_PAGE_TRACE - assumed 'SHOW_PAGE_TRACE' F:\phpStudy\WWW\miniwajiyeyagzxt\App\Common\Conf\debug.php 第 4 行.
INFO: [ app_init ] --START--
INFO: Run Behavior\BuildLiteBehavior [ RunTime:0.000014s ]
INFO: [ app_init ] --END-- [ RunTime:0.000094s ]
INFO: [ app_begin ] --START--
INFO: Run Behavior\ReadHtmlCacheBehavior [ RunTime:0.000978s ]
INFO: [ app_begin ] --END-- [ RunTime:0.001066s ]
NOTIC: [8] Undefined index: name F:\phpStudy\WWW\miniwajiyeyagzxt\App\Ht\Controller\SupplyController.class.php 第 82 行.
NOTIC: [8] Use of undefined constant Ymd - assumed 'Ymd' F:\phpStudy\WWW\miniwajiyeyagzxt\App\Ht\Controller\SupplyController.class.php 第 89 行.
NOTIC: [2] call_user_func() expects parameter 1 to be a valid callback, no array or string given F:\phpStudy\WWW\miniwajiyeyagzxt\ThinkPHP\Library\Think\Upload.class.php 第 170 行.
SQL: SHOW COLUMNS FROM `lr_supply` [ RunTime:0.0160s ]
SQL: INSERT INTO `lr_supply` (`uid`,`type`,`name`,`phone`,`content`,`photo`,`addtime`) VALUES ('0','1',NULL,'18854512414','东方化工kid非结构化结合地方公开','UploadFiles/supply/20180104/1515058764688858.png','1515058764') [ RunTime:0.0384s ]
INFO: [ view_parse ] --START--
INFO: [ template_filter ] --START--
INFO: Run Behavior\ContentReplaceBehavior [ RunTime:0.000070s ]
INFO: [ template_filter ] --END-- [ RunTime:0.000141s ]
INFO: Run Behavior\ParseTemplateBehavior [ RunTime:0.008482s ]
INFO: [ view_parse ] --END-- [ RunTime:0.008544s ]
INFO: [ view_filter ] --START--
INFO: Run Behavior\WriteHtmlCacheBehavior [ RunTime:0.000693s ]
INFO: [ view_filter ] --END-- [ RunTime:0.000826s ]

[ 2018-01-04T17:39:25+08:00 ] ::1 /miniwajiyeyagzxt/index.php/Ht/supply/index
NOTIC: [8] Use of undefined constant SHOW_PAGE_TRACE - assumed 'SHOW_PAGE_TRACE' F:\phpStudy\WWW\miniwajiyeyagzxt\App\Common\Conf\debug.php 第 4 行.
INFO: [ app_init ] --START--
INFO: Run Behavior\BuildLiteBehavior [ RunTime:0.000015s ]
INFO: [ app_init ] --END-- [ RunTime:0.000067s ]
INFO: [ app_begin ] --START--
INFO: Run Behavior\ReadHtmlCacheBehavior [ RunTime:0.001149s ]
INFO: [ app_begin ] --END-- [ RunTime:0.001264s ]
SQL: SHOW COLUMNS FROM `lr_supply` [ RunTime:0.0053s ]
SQL: SELECT COUNT(*) AS tp_count FROM `lr_supply` WHERE ( 1=1 ) LIMIT 1   [ RunTime:0.0004s ]
SQL: SELECT * FROM `lr_supply` WHERE ( 1=1 ) ORDER BY id desc LIMIT 0,25   [ RunTime:0.0005s ]
INFO: [ view_parse ] --START--
INFO: [ template_filter ] --START--
INFO: Run Behavior\ContentReplaceBehavior [ RunTime:0.000059s ]
INFO: [ template_filter ] --END-- [ RunTime:0.000118s ]
INFO: Run Behavior\ParseTemplateBehavior [ RunTime:0.014609s ]
INFO: [ view_parse ] --END-- [ RunTime:0.014682s ]
INFO: [ view_filter ] --START--
INFO: Run Behavior\WriteHtmlCacheBehavior [ RunTime:0.000927s ]
INFO: [ view_filter ] --END-- [ RunTime:0.000983s ]
INFO: [ app_end ] --START--
INFO: Run Behavior\ShowPageTraceBehavior [ RunTime:0.001007s ]
INFO: [ app_end ] --END-- [ RunTime:0.001061s ]

[ 2018-01-04T17:39:28+08:00 ] ::1 /miniwajiyeyagzxt/index.php/Ht/Supply/add.html
NOTIC: [8] Use of undefined constant SHOW_PAGE_TRACE - assumed 'SHOW_PAGE_TRACE' F:\phpStudy\WWW\miniwajiyeyagzxt\App\Common\Conf\debug.php 第 4 行.
INFO: [ app_init ] --START--
INFO: Run Behavior\BuildLiteBehavior [ RunTime:0.000014s ]
INFO: [ app_init ] --END-- [ RunTime:0.000066s ]
INFO: [ app_begin ] --START--
INFO: Run Behavior\ReadHtmlCacheBehavior [ RunTime:0.001001s ]
INFO: [ app_begin ] --END-- [ RunTime:0.001069s ]
NOTIC: [8] Undefined index: id F:\phpStudy\WWW\miniwajiyeyagzxt\App\Ht\Controller\SupplyController.class.php 第 78 行.
NOTIC: [8] Undefined index: submit F:\phpStudy\WWW\miniwajiyeyagzxt\App\Ht\Controller\SupplyController.class.php 第 79 行.
INFO: [ view_parse ] --START--
INFO: [ template_filter ] --START--
INFO: Run Behavior\ContentReplaceBehavior [ RunTime:0.000078s ]
INFO: [ template_filter ] --END-- [ RunTime:0.000201s ]
NOTIC: [8] Undefined variable: info F:\phpStudy\WWW\miniwajiyeyagzxt\App\Runtime\Cache\Ht\d9f228599ca9deff7bb9a05086e469f4.php 第 28 行.
NOTIC: [8] Undefined variable: info F:\phpStudy\WWW\miniwajiyeyagzxt\App\Runtime\Cache\Ht\d9f228599ca9deff7bb9a05086e469f4.php 第 29 行.
NOTIC: [8] Undefined variable: info F:\phpStudy\WWW\miniwajiyeyagzxt\App\Runtime\Cache\Ht\d9f228599ca9deff7bb9a05086e469f4.php 第 37 行.
NOTIC: [8] Undefined variable: info F:\phpStudy\WWW\miniwajiyeyagzxt\App\Runtime\Cache\Ht\d9f228599ca9deff7bb9a05086e469f4.php 第 43 行.
NOTIC: [8] Undefined variable: info F:\phpStudy\WWW\miniwajiyeyagzxt\App\Runtime\Cache\Ht\d9f228599ca9deff7bb9a05086e469f4.php 第 51 行.
NOTIC: [8] Undefined variable: info F:\phpStudy\WWW\miniwajiyeyagzxt\App\Runtime\Cache\Ht\d9f228599ca9deff7bb9a05086e469f4.php 第 62 行.
NOTIC: [8] Undefined variable: info F:\phpStudy\WWW\miniwajiyeyagzxt\App\Runtime\Cache\Ht\d9f228599ca9deff7bb9a05086e469f4.php 第 67 行.
INFO: Run Behavior\ParseTemplateBehavior [ RunTime:0.011636s ]
INFO: [ view_parse ] --END-- [ RunTime:0.011687s ]
INFO: [ view_filter ] --START--
INFO: Run Behavior\WriteHtmlCacheBehavior [ RunTime:0.000784s ]
INFO: [ view_filter ] --END-- [ RunTime:0.000835s ]
INFO: [ app_end ] --START--
INFO: Run Behavior\ShowPageTraceBehavior [ RunTime:0.001162s ]
INFO: [ app_end ] --END-- [ RunTime:0.001218s ]

[ 2018-01-04T17:39:41+08:00 ] ::1 /miniwajiyeyagzxt/index.php/Ht/supply/add.html
NOTIC: [8] Use of undefined constant SHOW_PAGE_TRACE - assumed 'SHOW_PAGE_TRACE' F:\phpStudy\WWW\miniwajiyeyagzxt\App\Common\Conf\debug.php 第 4 行.
INFO: [ app_init ] --START--
INFO: Run Behavior\BuildLiteBehavior [ RunTime:0.000014s ]
INFO: [ app_init ] --END-- [ RunTime:0.000059s ]
INFO: [ app_begin ] --START--
INFO: Run Behavior\ReadHtmlCacheBehavior [ RunTime:0.000841s ]
INFO: [ app_begin ] --END-- [ RunTime:0.000899s ]
NOTIC: [8] Undefined index: name F:\phpStudy\WWW\miniwajiyeyagzxt\App\Ht\Controller\SupplyController.class.php 第 82 行.
NOTIC: [8] Use of undefined constant Ymd - assumed 'Ymd' F:\phpStudy\WWW\miniwajiyeyagzxt\App\Ht\Controller\SupplyController.class.php 第 89 行.
NOTIC: [2] call_user_func() expects parameter 1 to be a valid callback, no array or string given F:\phpStudy\WWW\miniwajiyeyagzxt\ThinkPHP\Library\Think\Upload.class.php 第 170 行.
SQL: SHOW COLUMNS FROM `lr_supply` [ RunTime:0.0039s ]
SQL: INSERT INTO `lr_supply` (`uid`,`type`,`name`,`phone`,`content`,`photo`,`addtime`) VALUES ('0','1',NULL,'14587452145','大师傅发的规划发的控股黑客技术','UploadFiles/supply/20180104/1515058781193071.jpg','1515058781') [ RunTime:0.0003s ]
INFO: [ view_parse ] --START--
INFO: [ template_filter ] --START--
INFO: Run Behavior\ContentReplaceBehavior [ RunTime:0.000048s ]
INFO: [ template_filter ] --END-- [ RunTime:0.000099s ]
INFO: Run Behavior\ParseTemplateBehavior [ RunTime:0.006794s ]
INFO: [ view_parse ] --END-- [ RunTime:0.006851s ]
INFO: [ view_filter ] --START--
INFO: Run Behavior\WriteHtmlCacheBehavior [ RunTime:0.000588s ]
INFO: [ view_filter ] --END-- [ RunTime:0.000627s ]

[ 2018-01-04T17:39:42+08:00 ] ::1 /miniwajiyeyagzxt/index.php/Ht/supply/index
NOTIC: [8] Use of undefined constant SHOW_PAGE_TRACE - assumed 'SHOW_PAGE_TRACE' F:\phpStudy\WWW\miniwajiyeyagzxt\App\Common\Conf\debug.php 第 4 行.
INFO: [ app_init ] --START--
INFO: Run Behavior\BuildLiteBehavior [ RunTime:0.000016s ]
INFO: [ app_init ] --END-- [ RunTime:0.000071s ]
INFO: [ app_begin ] --START--
INFO: Run Behavior\ReadHtmlCacheBehavior [ RunTime:0.000977s ]
INFO: [ app_begin ] --END-- [ RunTime:0.001055s ]
SQL: SHOW COLUMNS FROM `lr_supply` [ RunTime:0.0054s ]
SQL: SELECT COUNT(*) AS tp_count FROM `lr_supply` WHERE ( 1=1 ) LIMIT 1   [ RunTime:0.0003s ]
SQL: SELECT * FROM `lr_supply` WHERE ( 1=1 ) ORDER BY id desc LIMIT 0,25   [ RunTime:0.0005s ]
INFO: [ view_parse ] --START--
INFO: [ template_filter ] --START--
INFO: Run Behavior\ContentReplaceBehavior [ RunTime:0.000140s ]
INFO: [ template_filter ] --END-- [ RunTime:0.000388s ]
INFO: Run Behavior\ParseTemplateBehavior [ RunTime:0.016871s ]
INFO: [ view_parse ] --END-- [ RunTime:0.016945s ]
INFO: [ view_filter ] --START--
INFO: Run Behavior\WriteHtmlCacheBehavior [ RunTime:0.002016s ]
INFO: [ view_filter ] --END-- [ RunTime:0.002087s ]
INFO: [ app_end ] --START--
INFO: Run Behavior\ShowPageTraceBehavior [ RunTime:0.002902s ]
INFO: [ app_end ] --END-- [ RunTime:0.003063s ]

[ 2018-01-04T17:39:46+08:00 ] ::1 /miniwajiyeyagzxt/index.php/Ht/Supply/add.html
NOTIC: [8] Use of undefined constant SHOW_PAGE_TRACE - assumed 'SHOW_PAGE_TRACE' F:\phpStudy\WWW\miniwajiyeyagzxt\App\Common\Conf\debug.php 第 4 行.
INFO: [ app_init ] --START--
INFO: Run Behavior\BuildLiteBehavior [ RunTime:0.000013s ]
INFO: [ app_init ] --END-- [ RunTime:0.000055s ]
INFO: [ app_begin ] --START--
INFO: Run Behavior\ReadHtmlCacheBehavior [ RunTime:0.000832s ]
INFO: [ app_begin ] --END-- [ RunTime:0.000885s ]
NOTIC: [8] Undefined index: id F:\phpStudy\WWW\miniwajiyeyagzxt\App\Ht\Controller\SupplyController.class.php 第 78 行.
NOTIC: [8] Undefined index: submit F:\phpStudy\WWW\miniwajiyeyagzxt\App\Ht\Controller\SupplyController.class.php 第 79 行.
INFO: [ view_parse ] --START--
INFO: [ template_filter ] --START--
INFO: Run Behavior\ContentReplaceBehavior [ RunTime:0.000062s ]
INFO: [ template_filter ] --END-- [ RunTime:0.000117s ]
NOTIC: [8] Undefined variable: info F:\phpStudy\WWW\miniwajiyeyagzxt\App\Runtime\Cache\Ht\d9f228599ca9deff7bb9a05086e469f4.php 第 28 行.
NOTIC: [8] Undefined variable: info F:\phpStudy\WWW\miniwajiyeyagzxt\App\Runtime\Cache\Ht\d9f228599ca9deff7bb9a05086e469f4.php 第 29 行.
NOTIC: [8] Undefined variable: info F:\phpStudy\WWW\miniwajiyeyagzxt\App\Runtime\Cache\Ht\d9f228599ca9deff7bb9a05086e469f4.php 第 37 行.
NOTIC: [8] Undefined variable: info F:\phpStudy\WWW\miniwajiyeyagzxt\App\Runtime\Cache\Ht\d9f228599ca9deff7bb9a05086e469f4.php 第 43 行.
NOTIC: [8] Undefined variable: info F:\phpStudy\WWW\miniwajiyeyagzxt\App\Runtime\Cache\Ht\d9f228599ca9deff7bb9a05086e469f4.php 第 51 行.
NOTIC: [8] Undefined variable: info F:\phpStudy\WWW\miniwajiyeyagzxt\App\Runtime\Cache\Ht\d9f228599ca9deff7bb9a05086e469f4.php 第 62 行.
NOTIC: [8] Undefined variable: info F:\phpStudy\WWW\miniwajiyeyagzxt\App\Runtime\Cache\Ht\d9f228599ca9deff7bb9a05086e469f4.php 第 67 行.
INFO: Run Behavior\ParseTemplateBehavior [ RunTime:0.009590s ]
INFO: [ view_parse ] --END-- [ RunTime:0.009635s ]
INFO: [ view_filter ] --START--
INFO: Run Behavior\WriteHtmlCacheBehavior [ RunTime:0.000628s ]
INFO: [ view_filter ] --END-- [ RunTime:0.000666s ]
INFO: [ app_end ] --START--
INFO: Run Behavior\ShowPageTraceBehavior [ RunTime:0.000917s ]
INFO: [ app_end ] --END-- [ RunTime:0.000957s ]

[ 2018-01-04T17:39:59+08:00 ] ::1 /miniwajiyeyagzxt/index.php/Ht/supply/add.html
NOTIC: [8] Use of undefined constant SHOW_PAGE_TRACE - assumed 'SHOW_PAGE_TRACE' F:\phpStudy\WWW\miniwajiyeyagzxt\App\Common\Conf\debug.php 第 4 行.
INFO: [ app_init ] --START--
INFO: Run Behavior\BuildLiteBehavior [ RunTime:0.000013s ]
INFO: [ app_init ] --END-- [ RunTime:0.000055s ]
INFO: [ app_begin ] --START--
INFO: Run Behavior\ReadHtmlCacheBehavior [ RunTime:0.000972s ]
INFO: [ app_begin ] --END-- [ RunTime:0.001037s ]
NOTIC: [8] Undefined index: name F:\phpStudy\WWW\miniwajiyeyagzxt\App\Ht\Controller\SupplyController.class.php 第 82 行.
NOTIC: [8] Use of undefined constant Ymd - assumed 'Ymd' F:\phpStudy\WWW\miniwajiyeyagzxt\App\Ht\Controller\SupplyController.class.php 第 89 行.
NOTIC: [2] call_user_func() expects parameter 1 to be a valid callback, no array or string given F:\phpStudy\WWW\miniwajiyeyagzxt\ThinkPHP\Library\Think\Upload.class.php 第 170 行.
SQL: SHOW COLUMNS FROM `lr_supply` [ RunTime:0.0053s ]
SQL: INSERT INTO `lr_supply` (`uid`,`type`,`name`,`phone`,`content`,`photo`,`addtime`) VALUES ('0','2',NULL,'15545874541','大锅饭赶紧回家看看就离开了天涯海阁哈哈','UploadFiles/supply/20180104/1515058799190083.png','1515058799') [ RunTime:0.0003s ]
INFO: [ view_parse ] --START--
INFO: [ template_filter ] --START--
INFO: Run Behavior\ContentReplaceBehavior [ RunTime:0.000053s ]
INFO: [ template_filter ] --END-- [ RunTime:0.000148s ]
INFO: Run Behavior\ParseTemplateBehavior [ RunTime:0.008178s ]
INFO: [ view_parse ] --END-- [ RunTime:0.008240s ]
INFO: [ view_filter ] --START--
INFO: Run Behavior\WriteHtmlCacheBehavior [ RunTime:0.000714s ]
INFO: [ view_filter ] --END-- [ RunTime:0.000760s ]

[ 2018-01-04T17:40:01+08:00 ] ::1 /miniwajiyeyagzxt/index.php/Ht/supply/index
NOTIC: [8] Use of undefined constant SHOW_PAGE_TRACE - assumed 'SHOW_PAGE_TRACE' F:\phpStudy\WWW\miniwajiyeyagzxt\App\Common\Conf\debug.php 第 4 行.
INFO: [ app_init ] --START--
INFO: Run Behavior\BuildLiteBehavior [ RunTime:0.000088s ]
INFO: [ app_init ] --END-- [ RunTime:0.000159s ]
INFO: [ app_begin ] --START--
INFO: Run Behavior\ReadHtmlCacheBehavior [ RunTime:0.002713s ]
INFO: [ app_begin ] --END-- [ RunTime:0.003085s ]
SQL: SHOW COLUMNS FROM `lr_supply` [ RunTime:0.0068s ]
SQL: SELECT COUNT(*) AS tp_count FROM `lr_supply` WHERE ( 1=1 ) LIMIT 1   [ RunTime:0.0003s ]
SQL: SELECT * FROM `lr_supply` WHERE ( 1=1 ) ORDER BY id desc LIMIT 0,25   [ RunTime:0.0006s ]
INFO: [ view_parse ] --START--
INFO: [ template_filter ] --START--
INFO: Run Behavior\ContentReplaceBehavior [ RunTime:0.000057s ]
INFO: [ template_filter ] --END-- [ RunTime:0.000127s ]
INFO: Run Behavior\ParseTemplateBehavior [ RunTime:0.013460s ]
INFO: [ view_parse ] --END-- [ RunTime:0.013525s ]
INFO: [ view_filter ] --START--
INFO: Run Behavior\WriteHtmlCacheBehavior [ RunTime:0.000766s ]
INFO: [ view_filter ] --END-- [ RunTime:0.000819s ]
INFO: [ app_end ] --START--
INFO: Run Behavior\ShowPageTraceBehavior [ RunTime:0.001207s ]
INFO: [ app_end ] --END-- [ RunTime:0.001264s ]

[ 2018-01-04T17:40:01+08:00 ] ::1 /miniwajiyeyagzxt/index.php/Ht/Supply/add.html
NOTIC: [8] Use of undefined constant SHOW_PAGE_TRACE - assumed 'SHOW_PAGE_TRACE' F:\phpStudy\WWW\miniwajiyeyagzxt\App\Common\Conf\debug.php 第 4 行.
INFO: [ app_init ] --START--
INFO: Run Behavior\BuildLiteBehavior [ RunTime:0.000013s ]
INFO: [ app_init ] --END-- [ RunTime:0.000056s ]
INFO: [ app_begin ] --START--
INFO: Run Behavior\ReadHtmlCacheBehavior [ RunTime:0.001014s ]
INFO: [ app_begin ] --END-- [ RunTime:0.001089s ]
NOTIC: [8] Undefined index: id F:\phpStudy\WWW\miniwajiyeyagzxt\App\Ht\Controller\SupplyController.class.php 第 78 行.
NOTIC: [8] Undefined index: submit F:\phpStudy\WWW\miniwajiyeyagzxt\App\Ht\Controller\SupplyController.class.php 第 79 行.
INFO: [ view_parse ] --START--
INFO: [ template_filter ] --START--
INFO: Run Behavior\ContentReplaceBehavior [ RunTime:0.000059s ]
INFO: [ template_filter ] --END-- [ RunTime:0.000109s ]
NOTIC: [8] Undefined variable: info F:\phpStudy\WWW\miniwajiyeyagzxt\App\Runtime\Cache\Ht\d9f228599ca9deff7bb9a05086e469f4.php 第 28 行.
NOTIC: [8] Undefined variable: info F:\phpStudy\WWW\miniwajiyeyagzxt\App\Runtime\Cache\Ht\d9f228599ca9deff7bb9a05086e469f4.php 第 29 行.
NOTIC: [8] Undefined variable: info F:\phpStudy\WWW\miniwajiyeyagzxt\App\Runtime\Cache\Ht\d9f228599ca9deff7bb9a05086e469f4.php 第 37 行.
NOTIC: [8] Undefined variable: info F:\phpStudy\WWW\miniwajiyeyagzxt\App\Runtime\Cache\Ht\d9f228599ca9deff7bb9a05086e469f4.php 第 43 行.
NOTIC: [8] Undefined variable: info F:\phpStudy\WWW\miniwajiyeyagzxt\App\Runtime\Cache\Ht\d9f228599ca9deff7bb9a05086e469f4.php 第 51 行.
NOTIC: [8] Undefined variable: info F:\phpStudy\WWW\miniwajiyeyagzxt\App\Runtime\Cache\Ht\d9f228599ca9deff7bb9a05086e469f4.php 第 62 行.
NOTIC: [8] Undefined variable: info F:\phpStudy\WWW\miniwajiyeyagzxt\App\Runtime\Cache\Ht\d9f228599ca9deff7bb9a05086e469f4.php 第 67 行.
INFO: Run Behavior\ParseTemplateBehavior [ RunTime:0.010788s ]
INFO: [ view_parse ] --END-- [ RunTime:0.010835s ]
INFO: [ view_filter ] --START--
INFO: Run Behavior\WriteHtmlCacheBehavior [ RunTime:0.000656s ]
INFO: [ view_filter ] --END-- [ RunTime:0.000698s ]
INFO: [ app_end ] --START--
INFO: Run Behavior\ShowPageTraceBehavior [ RunTime:0.000982s ]
INFO: [ app_end ] --END-- [ RunTime:0.001036s ]

[ 2018-01-04T17:40:14+08:00 ] ::1 /miniwajiyeyagzxt/index.php/Ht/supply/add.html
NOTIC: [8] Use of undefined constant SHOW_PAGE_TRACE - assumed 'SHOW_PAGE_TRACE' F:\phpStudy\WWW\miniwajiyeyagzxt\App\Common\Conf\debug.php 第 4 行.
INFO: [ app_init ] --START--
INFO: Run Behavior\BuildLiteBehavior [ RunTime:0.000128s ]
INFO: [ app_init ] --END-- [ RunTime:0.000184s ]
INFO: [ app_begin ] --START--
INFO: Run Behavior\ReadHtmlCacheBehavior [ RunTime:0.001079s ]
INFO: [ app_begin ] --END-- [ RunTime:0.001169s ]
NOTIC: [8] Undefined index: name F:\phpStudy\WWW\miniwajiyeyagzxt\App\Ht\Controller\SupplyController.class.php 第 82 行.
NOTIC: [8] Use of undefined constant Ymd - assumed 'Ymd' F:\phpStudy\WWW\miniwajiyeyagzxt\App\Ht\Controller\SupplyController.class.php 第 89 行.
NOTIC: [2] call_user_func() expects parameter 1 to be a valid callback, no array or string given F:\phpStudy\WWW\miniwajiyeyagzxt\ThinkPHP\Library\Think\Upload.class.php 第 170 行.
SQL: SHOW COLUMNS FROM `lr_supply` [ RunTime:0.0036s ]
SQL: INSERT INTO `lr_supply` (`uid`,`type`,`name`,`phone`,`content`,`photo`,`addtime`) VALUES ('0','2',NULL,'15587896521','台风和更改巷一号江湖救急换个号叫猴哥','UploadFiles/supply/20180104/1515058814699878.jpg','1515058814') [ RunTime:0.0003s ]
INFO: [ view_parse ] --START--
INFO: [ template_filter ] --START--
INFO: Run Behavior\ContentReplaceBehavior [ RunTime:0.000059s ]
INFO: [ template_filter ] --END-- [ RunTime:0.000112s ]
INFO: Run Behavior\ParseTemplateBehavior [ RunTime:0.006693s ]
INFO: [ view_parse ] --END-- [ RunTime:0.006756s ]
INFO: [ view_filter ] --START--
INFO: Run Behavior\WriteHtmlCacheBehavior [ RunTime:0.000633s ]
INFO: [ view_filter ] --END-- [ RunTime:0.000675s ]

[ 2018-01-04T17:40:15+08:00 ] ::1 /miniwajiyeyagzxt/index.php/Ht/supply/index
NOTIC: [8] Use of undefined constant SHOW_PAGE_TRACE - assumed 'SHOW_PAGE_TRACE' F:\phpStudy\WWW\miniwajiyeyagzxt\App\Common\Conf\debug.php 第 4 行.
INFO: [ app_init ] --START--
INFO: Run Behavior\BuildLiteBehavior [ RunTime:0.000015s ]
INFO: [ app_init ] --END-- [ RunTime:0.000062s ]
INFO: [ app_begin ] --START--
INFO: Run Behavior\ReadHtmlCacheBehavior [ RunTime:0.002051s ]
INFO: [ app_begin ] --END-- [ RunTime:0.002218s ]
SQL: SHOW COLUMNS FROM `lr_supply` [ RunTime:0.0067s ]
SQL: SELECT COUNT(*) AS tp_count FROM `lr_supply` WHERE ( 1=1 ) LIMIT 1   [ RunTime:0.0008s ]
SQL: SELECT * FROM `lr_supply` WHERE ( 1=1 ) ORDER BY id desc LIMIT 0,25   [ RunTime:0.0007s ]
INFO: [ view_parse ] --START--
INFO: [ template_filter ] --START--
INFO: Run Behavior\ContentReplaceBehavior [ RunTime:0.000093s ]
INFO: [ template_filter ] --END-- [ RunTime:0.000198s ]
INFO: Run Behavior\ParseTemplateBehavior [ RunTime:0.014183s ]
INFO: [ view_parse ] --END-- [ RunTime:0.014292s ]
INFO: [ view_filter ] --START--
INFO: Run Behavior\WriteHtmlCacheBehavior [ RunTime:0.000817s ]
INFO: [ view_filter ] --END-- [ RunTime:0.000884s ]
INFO: [ app_end ] --START--
INFO: Run Behavior\ShowPageTraceBehavior [ RunTime:0.001434s ]
INFO: [ app_end ] --END-- [ RunTime:0.001530s ]

